<!DOCTYPE html PUBLIC "-//W3C//DTD XHTML 1.1//EN" "http://www.w3.org/TR/xhtml11/DTD/xhtml11.dtd">
<html xmlns="http://www.w3.org/1999/xhtml">
<head>
<meta http-equiv="content-type" content="text/html; charset=UTF-8"/>
<title>TestNG Report</title>
<style type="text/css">table {margin-bottom:10px;border-collapse:collapse;empty-cells:show}th,td {border:1px solid #009;padding:.25em .5em}th {vertical-align:bottom}td {vertical-align:top}table a {font-weight:bold}.stripe td {background-color: #E6EBF9}.num {text-align:right}.passedodd td {background-color: #3F3}.passedeven td {background-color: #0A0}.skippedodd td {background-color: #DDD}.skippedeven td {background-color: #CCC}.failedodd td,.attn {background-color: #F33}.failedeven td,.stripe .attn {background-color: #D00}.stacktrace {white-space:pre;font-family:monospace}.totop {font-size:85%;text-align:center;border-bottom:2px solid #000}.invisible {display:none}</style>
</head>
<body>
<table>
<tr><th>Test</th><th># Passed</th><th># Skipped</th><th># Failed</th><th>Time (ms)</th><th>Included Groups</th><th>Excluded Groups</th></tr>
<tr><th colspan="7">testsuite</th></tr>
<tr><td><a href="#t0">Regression Test</a></td><td class="num">6</td><td class="num">0</td><td class="num attn">2</td><td class="num">80,817</td><td>regression</td><td></td></tr>
</table>
<table id='summary'><thead><tr><th>Class</th><th>Method</th><th>Start</th><th>Time (ms)</th></tr></thead><tbody><tr><th colspan="4">testsuite</th></tr></tbody><tbody id="t0"><tr><th colspan="4">Regression Test &#8212; failed</th></tr><tr class="failedeven"><td rowspan="1">com.nopcommerce.demo.testsuite.ComputerTest</td><td><a href="#m0">verifyUserAbleToNavigateToComputersSubMenuProductSoftwarePageSuccessfully</a></td><td rowspan="1">1624354567344</td><td rowspan="1">11283</td></tr><tr class="failedodd"><td rowspan="1">com.nopcommerce.demo.testsuite.LoginTest</td><td><a href="#m1">verifyUserShouldNotLoginSuccessfullyWithInvalidCredentials</a></td><td rowspan="1">1624354594800</td><td rowspan="1">6489</td></tr><tr><th colspan="4">Regression Test &#8212; passed</th></tr><tr class="passedeven"><td rowspan="2">com.nopcommerce.demo.testsuite.ComputerTest</td><td><a href="#m2">verifyUserAbleToNavigateToComputersSubMenuProductDesktopPageSuccessfully</a></td><td rowspan="1">1624354556450</td><td rowspan="1">1889</td></tr><tr class="passedeven"><td><a href="#m3">verifyUserAbleToNavigateToComputersSubMenuProductNotebooksPageSuccessfully</a></td><td rowspan="1">1624354561608</td><td rowspan="1">2493</td></tr><tr class="passedodd"><td rowspan="2">com.nopcommerce.demo.testsuite.LoginTest</td><td><a href="#m4">verifyUserNavigateToLoginPageSuccessfully</a></td><td rowspan="1">1624354582223</td><td rowspan="1">1126</td></tr><tr class="passedodd"><td><a href="#m5">verifyUserShouldLoginSuccessfullyWithValidCredentials</a></td><td rowspan="1">1624354586635</td><td rowspan="1">4805</td></tr><tr class="passedeven"><td rowspan="2">com.nopcommerce.demo.testsuite.RegistrationTest</td><td><a href="#m6">verifyUserShouldAbleToRegisterWithValidInputInAllMandatoryFields</a></td><td rowspan="1">1624354604804</td><td rowspan="1">17804</td></tr><tr class="passedeven"><td><a href="#m7">verifyUserShouldNotAbleToRegisterLeavingMandatoryFieldEmpty</a></td><td rowspan="1">1624354625995</td><td rowspan="1">7242</td></tr></tbody>
</table>
<h2>Regression Test</h2><h3 id="m0">com.nopcommerce.demo.testsuite.ComputerTest#verifyUserAbleToNavigateToComputersSubMenuProductSoftwarePageSuccessfully</h3><table class="result"><tr><th>Messages</th></tr><tr><td><div class="messages">Clicking on computer tab element [[ChromeDriver: chrome on WINDOWS (adbaa3df28130a477745ddb11571189b)] -> xpath: (//a[@href='/computers'])[1]]<br><br/>Clicking on computers drop down menu Software element [[ChromeDriver: chrome on WINDOWS (adbaa3df28130a477745ddb11571189b)] -> xpath: //body/div[6]/div[2]/ul[1]/li[1]/ul[1]/li[3]/a[1]]<br><br/>Click to see screenshot<br/><a target = "_blank" href=C:\Users\conta\IdeaProjects\page-factory-nopcommerce-homework15/test-output/html/verifyUserAbleToNavigateToComputersSubMenuProductSoftwarePageSuccessfullyTue_Jun_22_10_36_18_BST_2021.jpg>Screenshot</a><br/><br><br/><br><br/><a target = "_blank" href=C:\Users\conta\IdeaProjects\page-factory-nopcommerce-homework15/test-output/html/verifyUserAbleToNavigateToComputersSubMenuProductSoftwarePageSuccessfullyTue_Jun_22_10_36_18_BST_2021.jpg><img src=C:\Users\conta\IdeaProjects\page-factory-nopcommerce-homework15/test-output/html/verifyUserAbleToNavigateToComputersSubMenuProductSoftwarePageSuccessfullyTue_Jun_22_10_36_18_BST_2021.jpg height=200 width=200></img></a></div></td></tr><tr><th>Exception</th></tr><tr><td><div class="stacktrace">org.openqa.selenium.ElementNotInteractableException: element not interactable
  (Session info: chrome=91.0.4472.106)
Build info: version: &apos;3.141.59&apos;, revision: &apos;e82be7d358&apos;, time: &apos;2018-11-14T08:17:03&apos;
System info: host: &apos;LAPTOP-8LBRLJ88&apos;, ip: &apos;192.168.0.50&apos;, os.name: &apos;Windows 10&apos;, os.arch: &apos;amd64&apos;, os.version: &apos;10.0&apos;, java.version: &apos;1.8.0_121&apos;
Driver info: org.openqa.selenium.chrome.ChromeDriver
Capabilities {acceptInsecureCerts: false, browserName: chrome, browserVersion: 91.0.4472.106, chrome: {chromedriverVersion: 90.0.4430.24 (4c6d850f087da..., userDataDir: C:\Users\conta\AppData\Loca...}, goog:chromeOptions: {debuggerAddress: localhost:63809}, javascriptEnabled: true, networkConnectionEnabled: false, pageLoadStrategy: normal, platform: WINDOWS, platformName: WINDOWS, proxy: Proxy(), setWindowRect: true, strictFileInteractability: false, timeouts: {implicit: 0, pageLoad: 300000, script: 30000}, unhandledPromptBehavior: dismiss and notify, webauthn:extension:largeBlob: true, webauthn:virtualAuthenticators: true}
Session ID: adbaa3df28130a477745ddb11571189b
	at org.openqa.selenium.remote.http.W3CHttpResponseCodec.createException(W3CHttpResponseCodec.java:187)
	at org.openqa.selenium.remote.http.W3CHttpResponseCodec.decode(W3CHttpResponseCodec.java:122)
	at org.openqa.selenium.remote.http.W3CHttpResponseCodec.decode(W3CHttpResponseCodec.java:49)
	at org.openqa.selenium.remote.HttpCommandExecutor.execute(HttpCommandExecutor.java:158)
	at org.openqa.selenium.remote.service.DriverCommandExecutor.execute(DriverCommandExecutor.java:83)
	at org.openqa.selenium.remote.RemoteWebDriver.execute(RemoteWebDriver.java:552)
	at org.openqa.selenium.remote.RemoteWebElement.execute(RemoteWebElement.java:285)
	at org.openqa.selenium.remote.RemoteWebElement.click(RemoteWebElement.java:84)
	at org.openqa.selenium.support.pagefactory.internal.LocatingElementHandler.invoke(LocatingElementHandler.java:51)
	at com.sun.proxy.$Proxy8.click(Unknown Source)
	at com.nopcommerce.demo.utility.Utility.clickOnElement(Utility.java:44)
	at com.nopcommerce.demo.pages.HomePage.clickOnSoftwareFromComputerDropDown(HomePage.java:69)
	at com.nopcommerce.demo.testsuite.ComputerTest.verifyUserAbleToNavigateToComputersSubMenuProductSoftwarePageSuccessfully(ComputerTest.java:64)
	at com.intellij.rt.testng.IDEARemoteTestNG.run(IDEARemoteTestNG.java:66)
	at com.intellij.rt.testng.RemoteTestNGStarter.main(RemoteTestNGStarter.java:109)
... Removed 30 stack frames</div></td></tr></table><p class="totop"><a href="#summary">back to summary</a></p>
<h3 id="m1">com.nopcommerce.demo.testsuite.LoginTest#verifyUserShouldNotLoginSuccessfullyWithInvalidCredentials</h3><table class="result"><tr><th>Messages</th></tr><tr><td><div class="messages">Clicking on login tab element [[ChromeDriver: chrome on WINDOWS (96126675f82863c4354d43fb5620e89e)] -> xpath: //a[contains(text(),'Log in')]]<br><br/>Navigate to register page and verify navigated page welcome text [[ChromeDriver: chrome on WINDOWS (96126675f82863c4354d43fb5620e89e)] -> xpath: //h1[contains(text(),'Welcome, Please Sign In!')]]<br><br/>Entering email address : d129@ymail.com to email field : [[ChromeDriver: chrome on WINDOWS (96126675f82863c4354d43fb5620e89e)] -> xpath: //input[@id='Email']]<br><br/>Entering password : 123456 to password field : [[ChromeDriver: chrome on WINDOWS (96126675f82863c4354d43fb5620e89e)] -> xpath: //input[@id='Password']]<br><br/>Clicking on login button [[ChromeDriver: chrome on WINDOWS (96126675f82863c4354d43fb5620e89e)] -> xpath: //button[contains(text(),'Log in')]]<br><br/>Getting invalid credentials error message [[ChromeDriver: chrome on WINDOWS (96126675f82863c4354d43fb5620e89e)] -> xpath: //div[@class='message-error validation-summary-errors']]<br><br/>Click to see screenshot<br/><a target = "_blank" href=C:\Users\conta\IdeaProjects\page-factory-nopcommerce-homework15/test-output/html/verifyUserShouldNotLoginSuccessfullyWithInvalidCredentialsTue_Jun_22_10_36_41_BST_2021.jpg>Screenshot</a><br/><br><br/><br><br/><a target = "_blank" href=C:\Users\conta\IdeaProjects\page-factory-nopcommerce-homework15/test-output/html/verifyUserShouldNotLoginSuccessfullyWithInvalidCredentialsTue_Jun_22_10_36_41_BST_2021.jpg><img src=C:\Users\conta\IdeaProjects\page-factory-nopcommerce-homework15/test-output/html/verifyUserShouldNotLoginSuccessfullyWithInvalidCredentialsTue_Jun_22_10_36_41_BST_2021.jpg height=200 width=200></img></a></div></td></tr><tr><th>Exception</th></tr><tr><td><div class="stacktrace">java.lang.AssertionError: The following asserts failed:
	expected [Login was unsuccessful. Please correct the errors and try again.
No customer account found] but found [Login was unsuccessful. Please correct the errors and try again.]
	at com.nopcommerce.demo.testsuite.LoginTest.verifyUserShouldNotLoginSuccessfullyWithInvalidCredentials(LoginTest.java:79)
	at com.intellij.rt.testng.IDEARemoteTestNG.run(IDEARemoteTestNG.java:66)
	at com.intellij.rt.testng.RemoteTestNGStarter.main(RemoteTestNGStarter.java:109)
... Removed 23 stack frames</div></td></tr></table><p class="totop"><a href="#summary">back to summary</a></p>
<h3 id="m2">com.nopcommerce.demo.testsuite.ComputerTest#verifyUserAbleToNavigateToComputersSubMenuProductDesktopPageSuccessfully</h3><table class="result"><tr><th>Messages</th></tr><tr><td><div class="messages">Clicking on computer tab element [[ChromeDriver: chrome on WINDOWS (56ddee766387e87e9ad084f7c900a7b8)] -> xpath: (//a[@href='/computers'])[1]]<br><br/>Clicking on computer drop down menu desktop element [[ChromeDriver: chrome on WINDOWS (56ddee766387e87e9ad084f7c900a7b8)] -> xpath: //body/div[6]/div[2]/ul[1]/li[1]/ul[1]/li[1]]<br><br/>Navigate to desktop page and verify navigated page welcome text [[ChromeDriver: chrome on WINDOWS (56ddee766387e87e9ad084f7c900a7b8)] -> xpath: //h1[contains(text(),'Desktops')]]<br></div></td></tr></table><p class="totop"><a href="#summary">back to summary</a></p>
<h3 id="m3">com.nopcommerce.demo.testsuite.ComputerTest#verifyUserAbleToNavigateToComputersSubMenuProductNotebooksPageSuccessfully</h3><table class="result"><tr><th>Messages</th></tr><tr><td><div class="messages">Clicking on computer tab element [[ChromeDriver: chrome on WINDOWS (d1c9a970cdd8df6ab2025be8484e87b8)] -> xpath: (//a[@href='/computers'])[1]]<br><br/>Clicking on computers drop down menu Notebooks element [[ChromeDriver: chrome on WINDOWS (d1c9a970cdd8df6ab2025be8484e87b8)] -> xpath: //body/div[6]/div[2]/ul[1]/li[1]/ul[1]/li[2]/a[1]]<br><br/>Navigate to notebooks page and verify navigated page welcome text [[ChromeDriver: chrome on WINDOWS (d1c9a970cdd8df6ab2025be8484e87b8)] -> xpath: //h1[contains(text(),'Notebooks')]]<br></div></td></tr></table><p class="totop"><a href="#summary">back to summary</a></p>
<h3 id="m4">com.nopcommerce.demo.testsuite.LoginTest#verifyUserNavigateToLoginPageSuccessfully</h3><table class="result"><tr><th>Messages</th></tr><tr><td><div class="messages">Clicking on login tab element [[ChromeDriver: chrome on WINDOWS (694788eceaca6ad96ae07cda04e0dc5c)] -> xpath: //a[contains(text(),'Log in')]]<br><br/>Navigate to register page and verify navigated page welcome text [[ChromeDriver: chrome on WINDOWS (694788eceaca6ad96ae07cda04e0dc5c)] -> xpath: //h1[contains(text(),'Welcome, Please Sign In!')]]<br></div></td></tr></table><p class="totop"><a href="#summary">back to summary</a></p>
<h3 id="m5">com.nopcommerce.demo.testsuite.LoginTest#verifyUserShouldLoginSuccessfullyWithValidCredentials</h3><table class="result"><tr><th>Messages</th></tr><tr><td><div class="messages">Clicking on login tab element [[ChromeDriver: chrome on WINDOWS (3d541b962b7961426fe5becbea210220)] -> xpath: //a[contains(text(),'Log in')]]<br><br/>Navigate to register page and verify navigated page welcome text [[ChromeDriver: chrome on WINDOWS (3d541b962b7961426fe5becbea210220)] -> xpath: //h1[contains(text(),'Welcome, Please Sign In!')]]<br><br/>Entering email address : dip129@ymail.com to email field : [[ChromeDriver: chrome on WINDOWS (3d541b962b7961426fe5becbea210220)] -> xpath: //input[@id='Email']]<br><br/>Entering password : 123456 to password field : [[ChromeDriver: chrome on WINDOWS (3d541b962b7961426fe5becbea210220)] -> xpath: //input[@id='Password']]<br><br/>Clicking on login button [[ChromeDriver: chrome on WINDOWS (3d541b962b7961426fe5becbea210220)] -> xpath: //button[contains(text(),'Log in')]]<br></div></td></tr></table><p class="totop"><a href="#summary">back to summary</a></p>
<h3 id="m6">com.nopcommerce.demo.testsuite.RegistrationTest#verifyUserShouldAbleToRegisterWithValidInputInAllMandatoryFields</h3><table class="result"><tr><th>Messages</th></tr><tr><td><div class="messages">Clicking on register tab element [[ChromeDriver: chrome on WINDOWS (78aef17e0c43c17337bc73b6d53d5437)] -> xpath: //a[contains(text(),'Register')]]<br><br/>Navigate to register page and verify navigated page welcome text [[ChromeDriver: chrome on WINDOWS (78aef17e0c43c17337bc73b6d53d5437)] -> xpath: //h1[contains(text(),'Register')]]<br><br/>Entering first name : Dipak to first name field : [[ChromeDriver: chrome on WINDOWS (78aef17e0c43c17337bc73b6d53d5437)] -> xpath: //input[@id='FirstName']]<br><br/>Entering last name : Patel to last name field : [[ChromeDriver: chrome on WINDOWS (78aef17e0c43c17337bc73b6d53d5437)] -> xpath: //input[@id='LastName']]<br><br/>Entering email address : dipak894@ymail.com to email field : [[ChromeDriver: chrome on WINDOWS (78aef17e0c43c17337bc73b6d53d5437)] -> xpath: //input[@id='Email']]<br><br/>Entering password : xyz123456789 to password field : [[ChromeDriver: chrome on WINDOWS (78aef17e0c43c17337bc73b6d53d5437)] -> xpath: //input[@id='Password']]<br><br/>Entering confirm password : xyz123456789 to confirm password field : [[ChromeDriver: chrome on WINDOWS (78aef17e0c43c17337bc73b6d53d5437)] -> xpath: //input[@id='ConfirmPassword']]<br><br/>Clicking on register button [[ChromeDriver: chrome on WINDOWS (78aef17e0c43c17337bc73b6d53d5437)] -> xpath: //button[@id='register-button']]<br><br/>Getting registration completed message [[ChromeDriver: chrome on WINDOWS (78aef17e0c43c17337bc73b6d53d5437)] -> xpath: //div[contains(text(),'Your registration completed')]]<br></div></td></tr></table><p class="totop"><a href="#summary">back to summary</a></p>
<h3 id="m7">com.nopcommerce.demo.testsuite.RegistrationTest#verifyUserShouldNotAbleToRegisterLeavingMandatoryFieldEmpty</h3><table class="result"><tr><th>Messages</th></tr><tr><td><div class="messages">Clicking on register tab element [[ChromeDriver: chrome on WINDOWS (2cf21467563da06fef9954223ca92417)] -> xpath: //a[contains(text(),'Register')]]<br><br/>Navigate to register page and verify navigated page welcome text [[ChromeDriver: chrome on WINDOWS (2cf21467563da06fef9954223ca92417)] -> xpath: //h1[contains(text(),'Register')]]<br><br/>Entering first name :  to first name field : [[ChromeDriver: chrome on WINDOWS (2cf21467563da06fef9954223ca92417)] -> xpath: //input[@id='FirstName']]<br><br/>Entering last name : Patel to last name field : [[ChromeDriver: chrome on WINDOWS (2cf21467563da06fef9954223ca92417)] -> xpath: //input[@id='LastName']]<br><br/>Entering email address : dipak666@ymail.com to email field : [[ChromeDriver: chrome on WINDOWS (2cf21467563da06fef9954223ca92417)] -> xpath: //input[@id='Email']]<br><br/>Entering password : xyz123456789 to password field : [[ChromeDriver: chrome on WINDOWS (2cf21467563da06fef9954223ca92417)] -> xpath: //input[@id='Password']]<br><br/>Entering confirm password : xyz123456789 to confirm password field : [[ChromeDriver: chrome on WINDOWS (2cf21467563da06fef9954223ca92417)] -> xpath: //input[@id='ConfirmPassword']]<br><br/>Clicking on register button [[ChromeDriver: chrome on WINDOWS (2cf21467563da06fef9954223ca92417)] -> xpath: //button[@id='register-button']]<br><br/>Getting empty mandatory field error message [[ChromeDriver: chrome on WINDOWS (2cf21467563da06fef9954223ca92417)] -> xpath: //span[@id='FirstName-error']]<br></div></td></tr></table><p class="totop"><a href="#summary">back to summary</a></p>
</body>
</html>
