<?xml version="1.0" encoding="UTF-8"?>
<testng-results skipped="0" failed="2" ignored="0" total="8" passed="6">
  <reporter-output>
    <line>
      <![CDATA[Clicking on computer tab element [[ChromeDriver: chrome on WINDOWS (56ddee766387e87e9ad084f7c900a7b8)] -> xpath: (//a[@href='/computers'])[1]]<br>]]>
    </line>
    <line>
      <![CDATA[Clicking on computer drop down menu desktop element [[ChromeDriver: chrome on WINDOWS (56ddee766387e87e9ad084f7c900a7b8)] -> xpath: //body/div[6]/div[2]/ul[1]/li[1]/ul[1]/li[1]]<br>]]>
    </line>
    <line>
      <![CDATA[Navigate to desktop page and verify navigated page welcome text [[ChromeDriver: chrome on WINDOWS (56ddee766387e87e9ad084f7c900a7b8)] -> xpath: //h1[contains(text(),'Desktops')]]<br>]]>
    </line>
    <line>
      <![CDATA[Clicking on computer tab element [[ChromeDriver: chrome on WINDOWS (d1c9a970cdd8df6ab2025be8484e87b8)] -> xpath: (//a[@href='/computers'])[1]]<br>]]>
    </line>
    <line>
      <![CDATA[Clicking on computers drop down menu Notebooks element [[ChromeDriver: chrome on WINDOWS (d1c9a970cdd8df6ab2025be8484e87b8)] -> xpath: //body/div[6]/div[2]/ul[1]/li[1]/ul[1]/li[2]/a[1]]<br>]]>
    </line>
    <line>
      <![CDATA[Navigate to notebooks page and verify navigated page welcome text [[ChromeDriver: chrome on WINDOWS (d1c9a970cdd8df6ab2025be8484e87b8)] -> xpath: //h1[contains(text(),'Notebooks')]]<br>]]>
    </line>
    <line>
      <![CDATA[Clicking on computer tab element [[ChromeDriver: chrome on WINDOWS (adbaa3df28130a477745ddb11571189b)] -> xpath: (//a[@href='/computers'])[1]]<br>]]>
    </line>
    <line>
      <![CDATA[Clicking on computers drop down menu Software element [[ChromeDriver: chrome on WINDOWS (adbaa3df28130a477745ddb11571189b)] -> xpath: //body/div[6]/div[2]/ul[1]/li[1]/ul[1]/li[3]/a[1]]<br>]]>
    </line>
    <line>
      <![CDATA[Click to see screenshot]]>
    </line>
    <line>
      <![CDATA[<a target = "_blank" href=C:\Users\conta\IdeaProjects\page-factory-nopcommerce-homework15/test-output/html/verifyUserAbleToNavigateToComputersSubMenuProductSoftwarePageSuccessfullyTue_Jun_22_10_36_18_BST_2021.jpg>Screenshot</a>]]>
    </line>
    <line>
      <![CDATA[<br>]]>
    </line>
    <line>
      <![CDATA[<br>]]>
    </line>
    <line>
      <![CDATA[<a target = "_blank" href=C:\Users\conta\IdeaProjects\page-factory-nopcommerce-homework15/test-output/html/verifyUserAbleToNavigateToComputersSubMenuProductSoftwarePageSuccessfullyTue_Jun_22_10_36_18_BST_2021.jpg><img src=C:\Users\conta\IdeaProjects\page-factory-nopcommerce-homework15/test-output/html/verifyUserAbleToNavigateToComputersSubMenuProductSoftwarePageSuccessfullyTue_Jun_22_10_36_18_BST_2021.jpg height=200 width=200></img></a>]]>
    </line>
    <line>
      <![CDATA[Clicking on login tab element [[ChromeDriver: chrome on WINDOWS (694788eceaca6ad96ae07cda04e0dc5c)] -> xpath: //a[contains(text(),'Log in')]]<br>]]>
    </line>
    <line>
      <![CDATA[Navigate to register page and verify navigated page welcome text [[ChromeDriver: chrome on WINDOWS (694788eceaca6ad96ae07cda04e0dc5c)] -> xpath: //h1[contains(text(),'Welcome, Please Sign In!')]]<br>]]>
    </line>
    <line>
      <![CDATA[Clicking on login tab element [[ChromeDriver: chrome on WINDOWS (3d541b962b7961426fe5becbea210220)] -> xpath: //a[contains(text(),'Log in')]]<br>]]>
    </line>
    <line>
      <![CDATA[Navigate to register page and verify navigated page welcome text [[ChromeDriver: chrome on WINDOWS (3d541b962b7961426fe5becbea210220)] -> xpath: //h1[contains(text(),'Welcome, Please Sign In!')]]<br>]]>
    </line>
    <line>
      <![CDATA[Entering email address : dip129@ymail.com to email field : [[ChromeDriver: chrome on WINDOWS (3d541b962b7961426fe5becbea210220)] -> xpath: //input[@id='Email']]<br>]]>
    </line>
    <line>
      <![CDATA[Entering password : 123456 to password field : [[ChromeDriver: chrome on WINDOWS (3d541b962b7961426fe5becbea210220)] -> xpath: //input[@id='Password']]<br>]]>
    </line>
    <line>
      <![CDATA[Clicking on login button [[ChromeDriver: chrome on WINDOWS (3d541b962b7961426fe5becbea210220)] -> xpath: //button[contains(text(),'Log in')]]<br>]]>
    </line>
    <line>
      <![CDATA[Clicking on login tab element [[ChromeDriver: chrome on WINDOWS (96126675f82863c4354d43fb5620e89e)] -> xpath: //a[contains(text(),'Log in')]]<br>]]>
    </line>
    <line>
      <![CDATA[Navigate to register page and verify navigated page welcome text [[ChromeDriver: chrome on WINDOWS (96126675f82863c4354d43fb5620e89e)] -> xpath: //h1[contains(text(),'Welcome, Please Sign In!')]]<br>]]>
    </line>
    <line>
      <![CDATA[Entering email address : d129@ymail.com to email field : [[ChromeDriver: chrome on WINDOWS (96126675f82863c4354d43fb5620e89e)] -> xpath: //input[@id='Email']]<br>]]>
    </line>
    <line>
      <![CDATA[Entering password : 123456 to password field : [[ChromeDriver: chrome on WINDOWS (96126675f82863c4354d43fb5620e89e)] -> xpath: //input[@id='Password']]<br>]]>
    </line>
    <line>
      <![CDATA[Clicking on login button [[ChromeDriver: chrome on WINDOWS (96126675f82863c4354d43fb5620e89e)] -> xpath: //button[contains(text(),'Log in')]]<br>]]>
    </line>
    <line>
      <![CDATA[Getting invalid credentials error message [[ChromeDriver: chrome on WINDOWS (96126675f82863c4354d43fb5620e89e)] -> xpath: //div[@class='message-error validation-summary-errors']]<br>]]>
    </line>
    <line>
      <![CDATA[Click to see screenshot]]>
    </line>
    <line>
      <![CDATA[<a target = "_blank" href=C:\Users\conta\IdeaProjects\page-factory-nopcommerce-homework15/test-output/html/verifyUserShouldNotLoginSuccessfullyWithInvalidCredentialsTue_Jun_22_10_36_41_BST_2021.jpg>Screenshot</a>]]>
    </line>
    <line>
      <![CDATA[<br>]]>
    </line>
    <line>
      <![CDATA[<br>]]>
    </line>
    <line>
      <![CDATA[<a target = "_blank" href=C:\Users\conta\IdeaProjects\page-factory-nopcommerce-homework15/test-output/html/verifyUserShouldNotLoginSuccessfullyWithInvalidCredentialsTue_Jun_22_10_36_41_BST_2021.jpg><img src=C:\Users\conta\IdeaProjects\page-factory-nopcommerce-homework15/test-output/html/verifyUserShouldNotLoginSuccessfullyWithInvalidCredentialsTue_Jun_22_10_36_41_BST_2021.jpg height=200 width=200></img></a>]]>
    </line>
    <line>
      <![CDATA[Clicking on register tab element [[ChromeDriver: chrome on WINDOWS (78aef17e0c43c17337bc73b6d53d5437)] -> xpath: //a[contains(text(),'Register')]]<br>]]>
    </line>
    <line>
      <![CDATA[Navigate to register page and verify navigated page welcome text [[ChromeDriver: chrome on WINDOWS (78aef17e0c43c17337bc73b6d53d5437)] -> xpath: //h1[contains(text(),'Register')]]<br>]]>
    </line>
    <line>
      <![CDATA[Entering first name : Dipak to first name field : [[ChromeDriver: chrome on WINDOWS (78aef17e0c43c17337bc73b6d53d5437)] -> xpath: //input[@id='FirstName']]<br>]]>
    </line>
    <line>
      <![CDATA[Entering last name : Patel to last name field : [[ChromeDriver: chrome on WINDOWS (78aef17e0c43c17337bc73b6d53d5437)] -> xpath: //input[@id='LastName']]<br>]]>
    </line>
    <line>
      <![CDATA[Entering email address : dipak894@ymail.com to email field : [[ChromeDriver: chrome on WINDOWS (78aef17e0c43c17337bc73b6d53d5437)] -> xpath: //input[@id='Email']]<br>]]>
    </line>
    <line>
      <![CDATA[Entering password : xyz123456789 to password field : [[ChromeDriver: chrome on WINDOWS (78aef17e0c43c17337bc73b6d53d5437)] -> xpath: //input[@id='Password']]<br>]]>
    </line>
    <line>
      <![CDATA[Entering confirm password : xyz123456789 to confirm password field : [[ChromeDriver: chrome on WINDOWS (78aef17e0c43c17337bc73b6d53d5437)] -> xpath: //input[@id='ConfirmPassword']]<br>]]>
    </line>
    <line>
      <![CDATA[Clicking on register button [[ChromeDriver: chrome on WINDOWS (78aef17e0c43c17337bc73b6d53d5437)] -> xpath: //button[@id='register-button']]<br>]]>
    </line>
    <line>
      <![CDATA[Getting registration completed message [[ChromeDriver: chrome on WINDOWS (78aef17e0c43c17337bc73b6d53d5437)] -> xpath: //div[contains(text(),'Your registration completed')]]<br>]]>
    </line>
    <line>
      <![CDATA[Clicking on register tab element [[ChromeDriver: chrome on WINDOWS (2cf21467563da06fef9954223ca92417)] -> xpath: //a[contains(text(),'Register')]]<br>]]>
    </line>
    <line>
      <![CDATA[Navigate to register page and verify navigated page welcome text [[ChromeDriver: chrome on WINDOWS (2cf21467563da06fef9954223ca92417)] -> xpath: //h1[contains(text(),'Register')]]<br>]]>
    </line>
    <line>
      <![CDATA[Entering first name :  to first name field : [[ChromeDriver: chrome on WINDOWS (2cf21467563da06fef9954223ca92417)] -> xpath: //input[@id='FirstName']]<br>]]>
    </line>
    <line>
      <![CDATA[Entering last name : Patel to last name field : [[ChromeDriver: chrome on WINDOWS (2cf21467563da06fef9954223ca92417)] -> xpath: //input[@id='LastName']]<br>]]>
    </line>
    <line>
      <![CDATA[Entering email address : dipak666@ymail.com to email field : [[ChromeDriver: chrome on WINDOWS (2cf21467563da06fef9954223ca92417)] -> xpath: //input[@id='Email']]<br>]]>
    </line>
    <line>
      <![CDATA[Entering password : xyz123456789 to password field : [[ChromeDriver: chrome on WINDOWS (2cf21467563da06fef9954223ca92417)] -> xpath: //input[@id='Password']]<br>]]>
    </line>
    <line>
      <![CDATA[Entering confirm password : xyz123456789 to confirm password field : [[ChromeDriver: chrome on WINDOWS (2cf21467563da06fef9954223ca92417)] -> xpath: //input[@id='ConfirmPassword']]<br>]]>
    </line>
    <line>
      <![CDATA[Clicking on register button [[ChromeDriver: chrome on WINDOWS (2cf21467563da06fef9954223ca92417)] -> xpath: //button[@id='register-button']]<br>]]>
    </line>
    <line>
      <![CDATA[Getting empty mandatory field error message [[ChromeDriver: chrome on WINDOWS (2cf21467563da06fef9954223ca92417)] -> xpath: //span[@id='FirstName-error']]<br>]]>
    </line>
  </reporter-output>
  <suite name="testsuite" duration-ms="80817" started-at="2021-06-22T09:35:53Z" finished-at="2021-06-22T09:37:13Z">
    <groups>
      <group name="regression">
        <method signature="ComputerTest.verifyUserAbleToNavigateToComputersSubMenuProductDesktopPageSuccessfully()[pri:0, instance:com.nopcommerce.demo.testsuite.ComputerTest@52525845]" name="verifyUserAbleToNavigateToComputersSubMenuProductDesktopPageSuccessfully" class="com.nopcommerce.demo.testsuite.ComputerTest"/>
        <method signature="ComputerTest.verifyUserAbleToNavigateToComputersSubMenuProductNotebooksPageSuccessfully()[pri:0, instance:com.nopcommerce.demo.testsuite.ComputerTest@52525845]" name="verifyUserAbleToNavigateToComputersSubMenuProductNotebooksPageSuccessfully" class="com.nopcommerce.demo.testsuite.ComputerTest"/>
        <method signature="ComputerTest.verifyUserAbleToNavigateToComputersSubMenuProductSoftwarePageSuccessfully()[pri:0, instance:com.nopcommerce.demo.testsuite.ComputerTest@52525845]" name="verifyUserAbleToNavigateToComputersSubMenuProductSoftwarePageSuccessfully" class="com.nopcommerce.demo.testsuite.ComputerTest"/>
        <method signature="LoginTest.verifyUserNavigateToLoginPageSuccessfully()[pri:0, instance:com.nopcommerce.demo.testsuite.LoginTest@3b94d659]" name="verifyUserNavigateToLoginPageSuccessfully" class="com.nopcommerce.demo.testsuite.LoginTest"/>
        <method signature="LoginTest.verifyUserShouldLoginSuccessfullyWithValidCredentials()[pri:0, instance:com.nopcommerce.demo.testsuite.LoginTest@3b94d659]" name="verifyUserShouldLoginSuccessfullyWithValidCredentials" class="com.nopcommerce.demo.testsuite.LoginTest"/>
        <method signature="LoginTest.verifyUserShouldNotLoginSuccessfullyWithInvalidCredentials()[pri:0, instance:com.nopcommerce.demo.testsuite.LoginTest@3b94d659]" name="verifyUserShouldNotLoginSuccessfullyWithInvalidCredentials" class="com.nopcommerce.demo.testsuite.LoginTest"/>
        <method signature="RegistrationTest.verifyUserShouldAbleToRegisterWithValidInputInAllMandatoryFields()[pri:0, instance:com.nopcommerce.demo.testsuite.RegistrationTest@24b1d79b]" name="verifyUserShouldAbleToRegisterWithValidInputInAllMandatoryFields" class="com.nopcommerce.demo.testsuite.RegistrationTest"/>
        <method signature="RegistrationTest.verifyUserShouldNotAbleToRegisterLeavingMandatoryFieldEmpty()[pri:0, instance:com.nopcommerce.demo.testsuite.RegistrationTest@24b1d79b]" name="verifyUserShouldNotAbleToRegisterLeavingMandatoryFieldEmpty" class="com.nopcommerce.demo.testsuite.RegistrationTest"/>
      </group> <!-- regression -->
      <group name="smoke">
        <method signature="ComputerTest.verifyUserAbleToNavigateToComputersSubMenuProductDesktopPageSuccessfully()[pri:0, instance:com.nopcommerce.demo.testsuite.ComputerTest@52525845]" name="verifyUserAbleToNavigateToComputersSubMenuProductDesktopPageSuccessfully" class="com.nopcommerce.demo.testsuite.ComputerTest"/>
        <method signature="ComputerTest.verifyUserAbleToNavigateToComputersSubMenuProductNotebooksPageSuccessfully()[pri:0, instance:com.nopcommerce.demo.testsuite.ComputerTest@52525845]" name="verifyUserAbleToNavigateToComputersSubMenuProductNotebooksPageSuccessfully" class="com.nopcommerce.demo.testsuite.ComputerTest"/>
        <method signature="ComputerTest.verifyUserAbleToNavigateToComputersSubMenuProductSoftwarePageSuccessfully()[pri:0, instance:com.nopcommerce.demo.testsuite.ComputerTest@52525845]" name="verifyUserAbleToNavigateToComputersSubMenuProductSoftwarePageSuccessfully" class="com.nopcommerce.demo.testsuite.ComputerTest"/>
        <method signature="LoginTest.verifyUserNavigateToLoginPageSuccessfully()[pri:0, instance:com.nopcommerce.demo.testsuite.LoginTest@3b94d659]" name="verifyUserNavigateToLoginPageSuccessfully" class="com.nopcommerce.demo.testsuite.LoginTest"/>
        <method signature="RegistrationTest.verifyUserShouldNotAbleToRegisterLeavingMandatoryFieldEmpty()[pri:0, instance:com.nopcommerce.demo.testsuite.RegistrationTest@24b1d79b]" name="verifyUserShouldNotAbleToRegisterLeavingMandatoryFieldEmpty" class="com.nopcommerce.demo.testsuite.RegistrationTest"/>
      </group> <!-- smoke -->
      <group name="sanity">
        <method signature="LoginTest.verifyUserShouldLoginSuccessfullyWithValidCredentials()[pri:0, instance:com.nopcommerce.demo.testsuite.LoginTest@3b94d659]" name="verifyUserShouldLoginSuccessfullyWithValidCredentials" class="com.nopcommerce.demo.testsuite.LoginTest"/>
        <method signature="LoginTest.verifyUserShouldNotLoginSuccessfullyWithInvalidCredentials()[pri:0, instance:com.nopcommerce.demo.testsuite.LoginTest@3b94d659]" name="verifyUserShouldNotLoginSuccessfullyWithInvalidCredentials" class="com.nopcommerce.demo.testsuite.LoginTest"/>
        <method signature="RegistrationTest.verifyUserShouldAbleToRegisterWithValidInputInAllMandatoryFields()[pri:0, instance:com.nopcommerce.demo.testsuite.RegistrationTest@24b1d79b]" name="verifyUserShouldAbleToRegisterWithValidInputInAllMandatoryFields" class="com.nopcommerce.demo.testsuite.RegistrationTest"/>
      </group> <!-- sanity -->
    </groups>
    <test name="Regression Test" duration-ms="80817" started-at="2021-06-22T09:35:53Z" finished-at="2021-06-22T09:37:13Z">
      <class name="com.nopcommerce.demo.testsuite.LoginTest">
        <test-method status="PASS" signature="openBrowser()[pri:0, instance:com.nopcommerce.demo.testsuite.LoginTest@3b94d659]" name="openBrowser" is-config="true" duration-ms="2633" started-at="2021-06-22T09:36:19Z" finished-at="2021-06-22T09:36:22Z">
          <reporter-output>
          </reporter-output>
        </test-method> <!-- openBrowser -->
        <test-method status="PASS" signature="setUp()[pri:0, instance:com.nopcommerce.demo.testsuite.LoginTest@3b94d659]" name="setUp" is-config="true" duration-ms="7" started-at="2021-06-22T09:36:22Z" finished-at="2021-06-22T09:36:22Z">
          <reporter-output>
          </reporter-output>
        </test-method> <!-- setUp -->
        <test-method status="PASS" signature="verifyUserNavigateToLoginPageSuccessfully()[pri:0, instance:com.nopcommerce.demo.testsuite.LoginTest@3b94d659]" name="verifyUserNavigateToLoginPageSuccessfully" duration-ms="1126" started-at="2021-06-22T09:36:22Z" finished-at="2021-06-22T09:36:23Z">
          <reporter-output>
            <line>
              <![CDATA[Clicking on login tab element [[ChromeDriver: chrome on WINDOWS (694788eceaca6ad96ae07cda04e0dc5c)] -> xpath: //a[contains(text(),'Log in')]]<br>]]>
            </line>
            <line>
              <![CDATA[Navigate to register page and verify navigated page welcome text [[ChromeDriver: chrome on WINDOWS (694788eceaca6ad96ae07cda04e0dc5c)] -> xpath: //h1[contains(text(),'Welcome, Please Sign In!')]]<br>]]>
            </line>
          </reporter-output>
        </test-method> <!-- verifyUserNavigateToLoginPageSuccessfully -->
        <test-method status="PASS" signature="tearDown()[pri:0, instance:com.nopcommerce.demo.testsuite.LoginTest@3b94d659]" name="tearDown" is-config="true" duration-ms="642" started-at="2021-06-22T09:36:23Z" finished-at="2021-06-22T09:36:23Z">
          <reporter-output>
          </reporter-output>
        </test-method> <!-- tearDown -->
        <test-method status="PASS" signature="openBrowser()[pri:0, instance:com.nopcommerce.demo.testsuite.LoginTest@3b94d659]" name="openBrowser" is-config="true" duration-ms="2633" started-at="2021-06-22T09:36:23Z" finished-at="2021-06-22T09:36:26Z">
          <reporter-output>
          </reporter-output>
        </test-method> <!-- openBrowser -->
        <test-method status="PASS" signature="setUp()[pri:0, instance:com.nopcommerce.demo.testsuite.LoginTest@3b94d659]" name="setUp" is-config="true" duration-ms="9" started-at="2021-06-22T09:36:26Z" finished-at="2021-06-22T09:36:26Z">
          <reporter-output>
          </reporter-output>
        </test-method> <!-- setUp -->
        <test-method status="PASS" signature="verifyUserShouldLoginSuccessfullyWithValidCredentials()[pri:0, instance:com.nopcommerce.demo.testsuite.LoginTest@3b94d659]" name="verifyUserShouldLoginSuccessfullyWithValidCredentials" duration-ms="4805" started-at="2021-06-22T09:36:26Z" finished-at="2021-06-22T09:36:31Z">
          <reporter-output>
            <line>
              <![CDATA[Clicking on login tab element [[ChromeDriver: chrome on WINDOWS (3d541b962b7961426fe5becbea210220)] -> xpath: //a[contains(text(),'Log in')]]<br>]]>
            </line>
            <line>
              <![CDATA[Navigate to register page and verify navigated page welcome text [[ChromeDriver: chrome on WINDOWS (3d541b962b7961426fe5becbea210220)] -> xpath: //h1[contains(text(),'Welcome, Please Sign In!')]]<br>]]>
            </line>
            <line>
              <![CDATA[Entering email address : dip129@ymail.com to email field : [[ChromeDriver: chrome on WINDOWS (3d541b962b7961426fe5becbea210220)] -> xpath: //input[@id='Email']]<br>]]>
            </line>
            <line>
              <![CDATA[Entering password : 123456 to password field : [[ChromeDriver: chrome on WINDOWS (3d541b962b7961426fe5becbea210220)] -> xpath: //input[@id='Password']]<br>]]>
            </line>
            <line>
              <![CDATA[Clicking on login button [[ChromeDriver: chrome on WINDOWS (3d541b962b7961426fe5becbea210220)] -> xpath: //button[contains(text(),'Log in')]]<br>]]>
            </line>
          </reporter-output>
        </test-method> <!-- verifyUserShouldLoginSuccessfullyWithValidCredentials -->
        <test-method status="PASS" signature="tearDown()[pri:0, instance:com.nopcommerce.demo.testsuite.LoginTest@3b94d659]" name="tearDown" is-config="true" duration-ms="659" started-at="2021-06-22T09:36:31Z" finished-at="2021-06-22T09:36:32Z">
          <reporter-output>
          </reporter-output>
        </test-method> <!-- tearDown -->
        <test-method status="PASS" signature="openBrowser()[pri:0, instance:com.nopcommerce.demo.testsuite.LoginTest@3b94d659]" name="openBrowser" is-config="true" duration-ms="2691" started-at="2021-06-22T09:36:32Z" finished-at="2021-06-22T09:36:34Z">
          <reporter-output>
          </reporter-output>
        </test-method> <!-- openBrowser -->
        <test-method status="PASS" signature="setUp()[pri:0, instance:com.nopcommerce.demo.testsuite.LoginTest@3b94d659]" name="setUp" is-config="true" duration-ms="10" started-at="2021-06-22T09:36:34Z" finished-at="2021-06-22T09:36:34Z">
          <reporter-output>
          </reporter-output>
        </test-method> <!-- setUp -->
        <test-method status="FAIL" signature="verifyUserShouldNotLoginSuccessfullyWithInvalidCredentials()[pri:0, instance:com.nopcommerce.demo.testsuite.LoginTest@3b94d659]" name="verifyUserShouldNotLoginSuccessfullyWithInvalidCredentials" duration-ms="6489" started-at="2021-06-22T09:36:34Z" finished-at="2021-06-22T09:36:41Z">
          <exception class="java.lang.AssertionError">
            <message>
              <![CDATA[The following asserts failed:
expected [Login was unsuccessful. Please correct the errors and try again.
No customer account found] but found [Login was unsuccessful. Please correct the errors and try again.]]]>
            </message>
            <full-stacktrace>
              <![CDATA[java.lang.AssertionError: The following asserts failed:
expected [Login was unsuccessful. Please correct the errors and try again.
No customer account found] but found [Login was unsuccessful. Please correct the errors and try again.]
at org.testng.asserts.SoftAssert.assertAll(SoftAssert.java:43)
at com.nopcommerce.demo.testsuite.LoginTest.verifyUserShouldNotLoginSuccessfullyWithInvalidCredentials(LoginTest.java:79)
at sun.reflect.NativeMethodAccessorImpl.invoke0(Native Method)
at sun.reflect.NativeMethodAccessorImpl.invoke(NativeMethodAccessorImpl.java:62)
at sun.reflect.DelegatingMethodAccessorImpl.invoke(DelegatingMethodAccessorImpl.java:43)
at java.lang.reflect.Method.invoke(Method.java:498)
at org.testng.internal.MethodInvocationHelper.invokeMethod(MethodInvocationHelper.java:124)
at org.testng.internal.Invoker.invokeMethod(Invoker.java:583)
at org.testng.internal.Invoker.invokeTestMethod(Invoker.java:719)
at org.testng.internal.Invoker.invokeTestMethods(Invoker.java:989)
at org.testng.internal.TestMethodWorker.invokeTestMethods(TestMethodWorker.java:125)
at org.testng.internal.TestMethodWorker.run(TestMethodWorker.java:109)
at org.testng.TestRunner.privateRun(TestRunner.java:648)
at org.testng.TestRunner.run(TestRunner.java:505)
at org.testng.SuiteRunner.runTest(SuiteRunner.java:455)
at org.testng.SuiteRunner.runSequentially(SuiteRunner.java:450)
at org.testng.SuiteRunner.privateRun(SuiteRunner.java:415)
at org.testng.SuiteRunner.run(SuiteRunner.java:364)
at org.testng.SuiteRunnerWorker.runSuite(SuiteRunnerWorker.java:52)
at org.testng.SuiteRunnerWorker.run(SuiteRunnerWorker.java:84)
at org.testng.TestNG.runSuitesSequentially(TestNG.java:1208)
at org.testng.TestNG.runSuitesLocally(TestNG.java:1137)
at org.testng.TestNG.runSuites(TestNG.java:1049)
at org.testng.TestNG.run(TestNG.java:1017)
at com.intellij.rt.testng.IDEARemoteTestNG.run(IDEARemoteTestNG.java:66)
at com.intellij.rt.testng.RemoteTestNGStarter.main(RemoteTestNGStarter.java:109)
]]>
            </full-stacktrace>
          </exception> <!-- java.lang.AssertionError -->
          <reporter-output>
            <line>
              <![CDATA[Clicking on login tab element [[ChromeDriver: chrome on WINDOWS (96126675f82863c4354d43fb5620e89e)] -> xpath: //a[contains(text(),'Log in')]]<br>]]>
            </line>
            <line>
              <![CDATA[Navigate to register page and verify navigated page welcome text [[ChromeDriver: chrome on WINDOWS (96126675f82863c4354d43fb5620e89e)] -> xpath: //h1[contains(text(),'Welcome, Please Sign In!')]]<br>]]>
            </line>
            <line>
              <![CDATA[Entering email address : d129@ymail.com to email field : [[ChromeDriver: chrome on WINDOWS (96126675f82863c4354d43fb5620e89e)] -> xpath: //input[@id='Email']]<br>]]>
            </line>
            <line>
              <![CDATA[Entering password : 123456 to password field : [[ChromeDriver: chrome on WINDOWS (96126675f82863c4354d43fb5620e89e)] -> xpath: //input[@id='Password']]<br>]]>
            </line>
            <line>
              <![CDATA[Clicking on login button [[ChromeDriver: chrome on WINDOWS (96126675f82863c4354d43fb5620e89e)] -> xpath: //button[contains(text(),'Log in')]]<br>]]>
            </line>
            <line>
              <![CDATA[Getting invalid credentials error message [[ChromeDriver: chrome on WINDOWS (96126675f82863c4354d43fb5620e89e)] -> xpath: //div[@class='message-error validation-summary-errors']]<br>]]>
            </line>
            <line>
              <![CDATA[Click to see screenshot]]>
            </line>
            <line>
              <![CDATA[<a target = "_blank" href=C:\Users\conta\IdeaProjects\page-factory-nopcommerce-homework15/test-output/html/verifyUserShouldNotLoginSuccessfullyWithInvalidCredentialsTue_Jun_22_10_36_41_BST_2021.jpg>Screenshot</a>]]>
            </line>
            <line>
              <![CDATA[<br>]]>
            </line>
            <line>
              <![CDATA[<br>]]>
            </line>
            <line>
              <![CDATA[<a target = "_blank" href=C:\Users\conta\IdeaProjects\page-factory-nopcommerce-homework15/test-output/html/verifyUserShouldNotLoginSuccessfullyWithInvalidCredentialsTue_Jun_22_10_36_41_BST_2021.jpg><img src=C:\Users\conta\IdeaProjects\page-factory-nopcommerce-homework15/test-output/html/verifyUserShouldNotLoginSuccessfullyWithInvalidCredentialsTue_Jun_22_10_36_41_BST_2021.jpg height=200 width=200></img></a>]]>
            </line>
          </reporter-output>
        </test-method> <!-- verifyUserShouldNotLoginSuccessfullyWithInvalidCredentials -->
        <test-method status="PASS" signature="tearDown()[pri:0, instance:com.nopcommerce.demo.testsuite.LoginTest@3b94d659]" name="tearDown" is-config="true" duration-ms="665" started-at="2021-06-22T09:36:41Z" finished-at="2021-06-22T09:36:42Z">
          <reporter-output>
          </reporter-output>
        </test-method> <!-- tearDown -->
      </class> <!-- com.nopcommerce.demo.testsuite.LoginTest -->
      <class name="com.nopcommerce.demo.testsuite.ComputerTest">
        <test-method status="PASS" signature="openBrowser()[pri:0, instance:com.nopcommerce.demo.testsuite.ComputerTest@52525845]" name="openBrowser" is-config="true" duration-ms="3309" started-at="2021-06-22T09:35:53Z" finished-at="2021-06-22T09:35:56Z">
          <reporter-output>
          </reporter-output>
        </test-method> <!-- openBrowser -->
        <test-method status="PASS" signature="setUp()[pri:0, instance:com.nopcommerce.demo.testsuite.ComputerTest@52525845]" name="setUp" is-config="true" duration-ms="40" started-at="2021-06-22T09:35:56Z" finished-at="2021-06-22T09:35:56Z">
          <reporter-output>
          </reporter-output>
        </test-method> <!-- setUp -->
        <test-method status="PASS" signature="verifyUserAbleToNavigateToComputersSubMenuProductDesktopPageSuccessfully()[pri:0, instance:com.nopcommerce.demo.testsuite.ComputerTest@52525845]" name="verifyUserAbleToNavigateToComputersSubMenuProductDesktopPageSuccessfully" duration-ms="1889" started-at="2021-06-22T09:35:56Z" finished-at="2021-06-22T09:35:58Z">
          <reporter-output>
            <line>
              <![CDATA[Clicking on computer tab element [[ChromeDriver: chrome on WINDOWS (56ddee766387e87e9ad084f7c900a7b8)] -> xpath: (//a[@href='/computers'])[1]]<br>]]>
            </line>
            <line>
              <![CDATA[Clicking on computer drop down menu desktop element [[ChromeDriver: chrome on WINDOWS (56ddee766387e87e9ad084f7c900a7b8)] -> xpath: //body/div[6]/div[2]/ul[1]/li[1]/ul[1]/li[1]]<br>]]>
            </line>
            <line>
              <![CDATA[Navigate to desktop page and verify navigated page welcome text [[ChromeDriver: chrome on WINDOWS (56ddee766387e87e9ad084f7c900a7b8)] -> xpath: //h1[contains(text(),'Desktops')]]<br>]]>
            </line>
          </reporter-output>
        </test-method> <!-- verifyUserAbleToNavigateToComputersSubMenuProductDesktopPageSuccessfully -->
        <test-method status="PASS" signature="tearDown()[pri:0, instance:com.nopcommerce.demo.testsuite.ComputerTest@52525845]" name="tearDown" is-config="true" duration-ms="653" started-at="2021-06-22T09:35:58Z" finished-at="2021-06-22T09:35:58Z">
          <reporter-output>
          </reporter-output>
        </test-method> <!-- tearDown -->
        <test-method status="PASS" signature="openBrowser()[pri:0, instance:com.nopcommerce.demo.testsuite.ComputerTest@52525845]" name="openBrowser" is-config="true" duration-ms="2606" started-at="2021-06-22T09:35:58Z" finished-at="2021-06-22T09:36:01Z">
          <reporter-output>
          </reporter-output>
        </test-method> <!-- openBrowser -->
        <test-method status="PASS" signature="setUp()[pri:0, instance:com.nopcommerce.demo.testsuite.ComputerTest@52525845]" name="setUp" is-config="true" duration-ms="8" started-at="2021-06-22T09:36:01Z" finished-at="2021-06-22T09:36:01Z">
          <reporter-output>
          </reporter-output>
        </test-method> <!-- setUp -->
        <test-method status="PASS" signature="verifyUserAbleToNavigateToComputersSubMenuProductNotebooksPageSuccessfully()[pri:0, instance:com.nopcommerce.demo.testsuite.ComputerTest@52525845]" name="verifyUserAbleToNavigateToComputersSubMenuProductNotebooksPageSuccessfully" duration-ms="2493" started-at="2021-06-22T09:36:01Z" finished-at="2021-06-22T09:36:04Z">
          <reporter-output>
            <line>
              <![CDATA[Clicking on computer tab element [[ChromeDriver: chrome on WINDOWS (d1c9a970cdd8df6ab2025be8484e87b8)] -> xpath: (//a[@href='/computers'])[1]]<br>]]>
            </line>
            <line>
              <![CDATA[Clicking on computers drop down menu Notebooks element [[ChromeDriver: chrome on WINDOWS (d1c9a970cdd8df6ab2025be8484e87b8)] -> xpath: //body/div[6]/div[2]/ul[1]/li[1]/ul[1]/li[2]/a[1]]<br>]]>
            </line>
            <line>
              <![CDATA[Navigate to notebooks page and verify navigated page welcome text [[ChromeDriver: chrome on WINDOWS (d1c9a970cdd8df6ab2025be8484e87b8)] -> xpath: //h1[contains(text(),'Notebooks')]]<br>]]>
            </line>
          </reporter-output>
        </test-method> <!-- verifyUserAbleToNavigateToComputersSubMenuProductNotebooksPageSuccessfully -->
        <test-method status="PASS" signature="tearDown()[pri:0, instance:com.nopcommerce.demo.testsuite.ComputerTest@52525845]" name="tearDown" is-config="true" duration-ms="649" started-at="2021-06-22T09:36:04Z" finished-at="2021-06-22T09:36:04Z">
          <reporter-output>
          </reporter-output>
        </test-method> <!-- tearDown -->
        <test-method status="PASS" signature="openBrowser()[pri:0, instance:com.nopcommerce.demo.testsuite.ComputerTest@52525845]" name="openBrowser" is-config="true" duration-ms="2585" started-at="2021-06-22T09:36:04Z" finished-at="2021-06-22T09:36:07Z">
          <reporter-output>
          </reporter-output>
        </test-method> <!-- openBrowser -->
        <test-method status="PASS" signature="setUp()[pri:0, instance:com.nopcommerce.demo.testsuite.ComputerTest@52525845]" name="setUp" is-config="true" duration-ms="6" started-at="2021-06-22T09:36:07Z" finished-at="2021-06-22T09:36:07Z">
          <reporter-output>
          </reporter-output>
        </test-method> <!-- setUp -->
        <test-method status="FAIL" signature="verifyUserAbleToNavigateToComputersSubMenuProductSoftwarePageSuccessfully()[pri:0, instance:com.nopcommerce.demo.testsuite.ComputerTest@52525845]" name="verifyUserAbleToNavigateToComputersSubMenuProductSoftwarePageSuccessfully" duration-ms="11283" started-at="2021-06-22T09:36:07Z" finished-at="2021-06-22T09:36:18Z">
          <exception class="org.openqa.selenium.ElementNotInteractableException">
            <message>
              <![CDATA[element not interactable
  (Session info: chrome=91.0.4472.106)
Build info: version: '3.141.59', revision: 'e82be7d358', time: '2018-11-14T08:17:03'
System info: host: 'LAPTOP-8LBRLJ88', ip: '192.168.0.50', os.name: 'Windows 10', os.arch: 'amd64', os.version: '10.0', java.version: '1.8.0_121'
Driver info: org.openqa.selenium.chrome.ChromeDriver
Capabilities {acceptInsecureCerts: false, browserName: chrome, browserVersion: 91.0.4472.106, chrome: {chromedriverVersion: 90.0.4430.24 (4c6d850f087da..., userDataDir: C:\Users\conta\AppData\Loca...}, goog:chromeOptions: {debuggerAddress: localhost:63809}, javascriptEnabled: true, networkConnectionEnabled: false, pageLoadStrategy: normal, platform: WINDOWS, platformName: WINDOWS, proxy: Proxy(), setWindowRect: true, strictFileInteractability: false, timeouts: {implicit: 0, pageLoad: 300000, script: 30000}, unhandledPromptBehavior: dismiss and notify, webauthn:extension:largeBlob: true, webauthn:virtualAuthenticators: true}
Session ID: adbaa3df28130a477745ddb11571189b]]>
            </message>
            <full-stacktrace>
              <![CDATA[org.openqa.selenium.ElementNotInteractableException: element not interactable
  (Session info: chrome=91.0.4472.106)
Build info: version: '3.141.59', revision: 'e82be7d358', time: '2018-11-14T08:17:03'
System info: host: 'LAPTOP-8LBRLJ88', ip: '192.168.0.50', os.name: 'Windows 10', os.arch: 'amd64', os.version: '10.0', java.version: '1.8.0_121'
Driver info: org.openqa.selenium.chrome.ChromeDriver
Capabilities {acceptInsecureCerts: false, browserName: chrome, browserVersion: 91.0.4472.106, chrome: {chromedriverVersion: 90.0.4430.24 (4c6d850f087da..., userDataDir: C:\Users\conta\AppData\Loca...}, goog:chromeOptions: {debuggerAddress: localhost:63809}, javascriptEnabled: true, networkConnectionEnabled: false, pageLoadStrategy: normal, platform: WINDOWS, platformName: WINDOWS, proxy: Proxy(), setWindowRect: true, strictFileInteractability: false, timeouts: {implicit: 0, pageLoad: 300000, script: 30000}, unhandledPromptBehavior: dismiss and notify, webauthn:extension:largeBlob: true, webauthn:virtualAuthenticators: true}
Session ID: adbaa3df28130a477745ddb11571189b
at sun.reflect.NativeConstructorAccessorImpl.newInstance0(Native Method)
at sun.reflect.NativeConstructorAccessorImpl.newInstance(NativeConstructorAccessorImpl.java:62)
at sun.reflect.DelegatingConstructorAccessorImpl.newInstance(DelegatingConstructorAccessorImpl.java:45)
at java.lang.reflect.Constructor.newInstance(Constructor.java:423)
at org.openqa.selenium.remote.http.W3CHttpResponseCodec.createException(W3CHttpResponseCodec.java:187)
at org.openqa.selenium.remote.http.W3CHttpResponseCodec.decode(W3CHttpResponseCodec.java:122)
at org.openqa.selenium.remote.http.W3CHttpResponseCodec.decode(W3CHttpResponseCodec.java:49)
at org.openqa.selenium.remote.HttpCommandExecutor.execute(HttpCommandExecutor.java:158)
at org.openqa.selenium.remote.service.DriverCommandExecutor.execute(DriverCommandExecutor.java:83)
at org.openqa.selenium.remote.RemoteWebDriver.execute(RemoteWebDriver.java:552)
at org.openqa.selenium.remote.RemoteWebElement.execute(RemoteWebElement.java:285)
at org.openqa.selenium.remote.RemoteWebElement.click(RemoteWebElement.java:84)
at sun.reflect.NativeMethodAccessorImpl.invoke0(Native Method)
at sun.reflect.NativeMethodAccessorImpl.invoke(NativeMethodAccessorImpl.java:62)
at sun.reflect.DelegatingMethodAccessorImpl.invoke(DelegatingMethodAccessorImpl.java:43)
at java.lang.reflect.Method.invoke(Method.java:498)
at org.openqa.selenium.support.pagefactory.internal.LocatingElementHandler.invoke(LocatingElementHandler.java:51)
at com.sun.proxy.$Proxy8.click(Unknown Source)
at com.nopcommerce.demo.utility.Utility.clickOnElement(Utility.java:44)
at com.nopcommerce.demo.pages.HomePage.clickOnSoftwareFromComputerDropDown(HomePage.java:69)
at com.nopcommerce.demo.testsuite.ComputerTest.verifyUserAbleToNavigateToComputersSubMenuProductSoftwarePageSuccessfully(ComputerTest.java:64)
at sun.reflect.NativeMethodAccessorImpl.invoke0(Native Method)
at sun.reflect.NativeMethodAccessorImpl.invoke(NativeMethodAccessorImpl.java:62)
at sun.reflect.DelegatingMethodAccessorImpl.invoke(DelegatingMethodAccessorImpl.java:43)
at java.lang.reflect.Method.invoke(Method.java:498)
at org.testng.internal.MethodInvocationHelper.invokeMethod(MethodInvocationHelper.java:124)
at org.testng.internal.Invoker.invokeMethod(Invoker.java:583)
at org.testng.internal.Invoker.invokeTestMethod(Invoker.java:719)
at org.testng.internal.Invoker.invokeTestMethods(Invoker.java:989)
at org.testng.internal.TestMethodWorker.invokeTestMethods(TestMethodWorker.java:125)
at org.testng.internal.TestMethodWorker.run(TestMethodWorker.java:109)
at org.testng.TestRunner.privateRun(TestRunner.java:648)
at org.testng.TestRunner.run(TestRunner.java:505)
at org.testng.SuiteRunner.runTest(SuiteRunner.java:455)
at org.testng.SuiteRunner.runSequentially(SuiteRunner.java:450)
at org.testng.SuiteRunner.privateRun(SuiteRunner.java:415)
at org.testng.SuiteRunner.run(SuiteRunner.java:364)
at org.testng.SuiteRunnerWorker.runSuite(SuiteRunnerWorker.java:52)
at org.testng.SuiteRunnerWorker.run(SuiteRunnerWorker.java:84)
at org.testng.TestNG.runSuitesSequentially(TestNG.java:1208)
at org.testng.TestNG.runSuitesLocally(TestNG.java:1137)
at org.testng.TestNG.runSuites(TestNG.java:1049)
at org.testng.TestNG.run(TestNG.java:1017)
at com.intellij.rt.testng.IDEARemoteTestNG.run(IDEARemoteTestNG.java:66)
at com.intellij.rt.testng.RemoteTestNGStarter.main(RemoteTestNGStarter.java:109)
]]>
            </full-stacktrace>
          </exception> <!-- org.openqa.selenium.ElementNotInteractableException -->
          <reporter-output>
            <line>
              <![CDATA[Clicking on computer tab element [[ChromeDriver: chrome on WINDOWS (adbaa3df28130a477745ddb11571189b)] -> xpath: (//a[@href='/computers'])[1]]<br>]]>
            </line>
            <line>
              <![CDATA[Clicking on computers drop down menu Software element [[ChromeDriver: chrome on WINDOWS (adbaa3df28130a477745ddb11571189b)] -> xpath: //body/div[6]/div[2]/ul[1]/li[1]/ul[1]/li[3]/a[1]]<br>]]>
            </line>
            <line>
              <![CDATA[Click to see screenshot]]>
            </line>
            <line>
              <![CDATA[<a target = "_blank" href=C:\Users\conta\IdeaProjects\page-factory-nopcommerce-homework15/test-output/html/verifyUserAbleToNavigateToComputersSubMenuProductSoftwarePageSuccessfullyTue_Jun_22_10_36_18_BST_2021.jpg>Screenshot</a>]]>
            </line>
            <line>
              <![CDATA[<br>]]>
            </line>
            <line>
              <![CDATA[<br>]]>
            </line>
            <line>
              <![CDATA[<a target = "_blank" href=C:\Users\conta\IdeaProjects\page-factory-nopcommerce-homework15/test-output/html/verifyUserAbleToNavigateToComputersSubMenuProductSoftwarePageSuccessfullyTue_Jun_22_10_36_18_BST_2021.jpg><img src=C:\Users\conta\IdeaProjects\page-factory-nopcommerce-homework15/test-output/html/verifyUserAbleToNavigateToComputersSubMenuProductSoftwarePageSuccessfullyTue_Jun_22_10_36_18_BST_2021.jpg height=200 width=200></img></a>]]>
            </line>
          </reporter-output>
        </test-method> <!-- verifyUserAbleToNavigateToComputersSubMenuProductSoftwarePageSuccessfully -->
        <test-method status="PASS" signature="tearDown()[pri:0, instance:com.nopcommerce.demo.testsuite.ComputerTest@52525845]" name="tearDown" is-config="true" duration-ms="658" started-at="2021-06-22T09:36:18Z" finished-at="2021-06-22T09:36:19Z">
          <reporter-output>
          </reporter-output>
        </test-method> <!-- tearDown -->
      </class> <!-- com.nopcommerce.demo.testsuite.ComputerTest -->
      <class name="com.nopcommerce.demo.testsuite.RegistrationTest">
        <test-method status="PASS" signature="openBrowser()[pri:0, instance:com.nopcommerce.demo.testsuite.RegistrationTest@24b1d79b]" name="openBrowser" is-config="true" duration-ms="2698" started-at="2021-06-22T09:36:42Z" finished-at="2021-06-22T09:36:44Z">
          <reporter-output>
          </reporter-output>
        </test-method> <!-- openBrowser -->
        <test-method status="PASS" signature="setUp()[pri:0, instance:com.nopcommerce.demo.testsuite.RegistrationTest@24b1d79b]" name="setUp" is-config="true" duration-ms="6" started-at="2021-06-22T09:36:44Z" finished-at="2021-06-22T09:36:44Z">
          <reporter-output>
          </reporter-output>
        </test-method> <!-- setUp -->
        <test-method status="PASS" signature="verifyUserShouldAbleToRegisterWithValidInputInAllMandatoryFields()[pri:0, instance:com.nopcommerce.demo.testsuite.RegistrationTest@24b1d79b]" name="verifyUserShouldAbleToRegisterWithValidInputInAllMandatoryFields" duration-ms="17804" started-at="2021-06-22T09:36:44Z" finished-at="2021-06-22T09:37:02Z">
          <reporter-output>
            <line>
              <![CDATA[Clicking on register tab element [[ChromeDriver: chrome on WINDOWS (78aef17e0c43c17337bc73b6d53d5437)] -> xpath: //a[contains(text(),'Register')]]<br>]]>
            </line>
            <line>
              <![CDATA[Navigate to register page and verify navigated page welcome text [[ChromeDriver: chrome on WINDOWS (78aef17e0c43c17337bc73b6d53d5437)] -> xpath: //h1[contains(text(),'Register')]]<br>]]>
            </line>
            <line>
              <![CDATA[Entering first name : Dipak to first name field : [[ChromeDriver: chrome on WINDOWS (78aef17e0c43c17337bc73b6d53d5437)] -> xpath: //input[@id='FirstName']]<br>]]>
            </line>
            <line>
              <![CDATA[Entering last name : Patel to last name field : [[ChromeDriver: chrome on WINDOWS (78aef17e0c43c17337bc73b6d53d5437)] -> xpath: //input[@id='LastName']]<br>]]>
            </line>
            <line>
              <![CDATA[Entering email address : dipak894@ymail.com to email field : [[ChromeDriver: chrome on WINDOWS (78aef17e0c43c17337bc73b6d53d5437)] -> xpath: //input[@id='Email']]<br>]]>
            </line>
            <line>
              <![CDATA[Entering password : xyz123456789 to password field : [[ChromeDriver: chrome on WINDOWS (78aef17e0c43c17337bc73b6d53d5437)] -> xpath: //input[@id='Password']]<br>]]>
            </line>
            <line>
              <![CDATA[Entering confirm password : xyz123456789 to confirm password field : [[ChromeDriver: chrome on WINDOWS (78aef17e0c43c17337bc73b6d53d5437)] -> xpath: //input[@id='ConfirmPassword']]<br>]]>
            </line>
            <line>
              <![CDATA[Clicking on register button [[ChromeDriver: chrome on WINDOWS (78aef17e0c43c17337bc73b6d53d5437)] -> xpath: //button[@id='register-button']]<br>]]>
            </line>
            <line>
              <![CDATA[Getting registration completed message [[ChromeDriver: chrome on WINDOWS (78aef17e0c43c17337bc73b6d53d5437)] -> xpath: //div[contains(text(),'Your registration completed')]]<br>]]>
            </line>
          </reporter-output>
        </test-method> <!-- verifyUserShouldAbleToRegisterWithValidInputInAllMandatoryFields -->
        <test-method status="PASS" signature="tearDown()[pri:0, instance:com.nopcommerce.demo.testsuite.RegistrationTest@24b1d79b]" name="tearDown" is-config="true" duration-ms="737" started-at="2021-06-22T09:37:02Z" finished-at="2021-06-22T09:37:03Z">
          <reporter-output>
          </reporter-output>
        </test-method> <!-- tearDown -->
        <test-method status="PASS" signature="openBrowser()[pri:0, instance:com.nopcommerce.demo.testsuite.RegistrationTest@24b1d79b]" name="openBrowser" is-config="true" duration-ms="2643" started-at="2021-06-22T09:37:03Z" finished-at="2021-06-22T09:37:05Z">
          <reporter-output>
          </reporter-output>
        </test-method> <!-- openBrowser -->
        <test-method status="PASS" signature="setUp()[pri:0, instance:com.nopcommerce.demo.testsuite.RegistrationTest@24b1d79b]" name="setUp" is-config="true" duration-ms="7" started-at="2021-06-22T09:37:05Z" finished-at="2021-06-22T09:37:05Z">
          <reporter-output>
          </reporter-output>
        </test-method> <!-- setUp -->
        <test-method status="PASS" signature="verifyUserShouldNotAbleToRegisterLeavingMandatoryFieldEmpty()[pri:0, instance:com.nopcommerce.demo.testsuite.RegistrationTest@24b1d79b]" name="verifyUserShouldNotAbleToRegisterLeavingMandatoryFieldEmpty" duration-ms="7242" started-at="2021-06-22T09:37:05Z" finished-at="2021-06-22T09:37:13Z">
          <reporter-output>
            <line>
              <![CDATA[Clicking on register tab element [[ChromeDriver: chrome on WINDOWS (2cf21467563da06fef9954223ca92417)] -> xpath: //a[contains(text(),'Register')]]<br>]]>
            </line>
            <line>
              <![CDATA[Navigate to register page and verify navigated page welcome text [[ChromeDriver: chrome on WINDOWS (2cf21467563da06fef9954223ca92417)] -> xpath: //h1[contains(text(),'Register')]]<br>]]>
            </line>
            <line>
              <![CDATA[Entering first name :  to first name field : [[ChromeDriver: chrome on WINDOWS (2cf21467563da06fef9954223ca92417)] -> xpath: //input[@id='FirstName']]<br>]]>
            </line>
            <line>
              <![CDATA[Entering last name : Patel to last name field : [[ChromeDriver: chrome on WINDOWS (2cf21467563da06fef9954223ca92417)] -> xpath: //input[@id='LastName']]<br>]]>
            </line>
            <line>
              <![CDATA[Entering email address : dipak666@ymail.com to email field : [[ChromeDriver: chrome on WINDOWS (2cf21467563da06fef9954223ca92417)] -> xpath: //input[@id='Email']]<br>]]>
            </line>
            <line>
              <![CDATA[Entering password : xyz123456789 to password field : [[ChromeDriver: chrome on WINDOWS (2cf21467563da06fef9954223ca92417)] -> xpath: //input[@id='Password']]<br>]]>
            </line>
            <line>
              <![CDATA[Entering confirm password : xyz123456789 to confirm password field : [[ChromeDriver: chrome on WINDOWS (2cf21467563da06fef9954223ca92417)] -> xpath: //input[@id='ConfirmPassword']]<br>]]>
            </line>
            <line>
              <![CDATA[Clicking on register button [[ChromeDriver: chrome on WINDOWS (2cf21467563da06fef9954223ca92417)] -> xpath: //button[@id='register-button']]<br>]]>
            </line>
            <line>
              <![CDATA[Getting empty mandatory field error message [[ChromeDriver: chrome on WINDOWS (2cf21467563da06fef9954223ca92417)] -> xpath: //span[@id='FirstName-error']]<br>]]>
            </line>
          </reporter-output>
        </test-method> <!-- verifyUserShouldNotAbleToRegisterLeavingMandatoryFieldEmpty -->
        <test-method status="PASS" signature="tearDown()[pri:0, instance:com.nopcommerce.demo.testsuite.RegistrationTest@24b1d79b]" name="tearDown" is-config="true" duration-ms="666" started-at="2021-06-22T09:37:13Z" finished-at="2021-06-22T09:37:13Z">
          <reporter-output>
          </reporter-output>
        </test-method> <!-- tearDown -->
      </class> <!-- com.nopcommerce.demo.testsuite.RegistrationTest -->
    </test> <!-- Regression Test -->
  </suite> <!-- testsuite -->
</testng-results>
