<?xml version="1.0" encoding="UTF-8"?>
<!-- Generated by org.testng.reporters.JUnitXMLReporter -->
<testsuite hostname="LAPTOP-8LBRLJ88" ignored="0" name="Regression Test" tests="8" failures="2" timestamp="22 Jun 2021 09:37:13 GMT" time="80.817" errors="0">
  <testcase name="verifyUserAbleToNavigateToComputersSubMenuProductDesktopPageSuccessfully" time="1.889" classname="com.nopcommerce.demo.testsuite.ComputerTest"/>
  <testcase name="verifyUserAbleToNavigateToComputersSubMenuProductNotebooksPageSuccessfully" time="2.493" classname="com.nopcommerce.demo.testsuite.ComputerTest"/>
  <testcase name="verifyUserAbleToNavigateToComputersSubMenuProductSoftwarePageSuccessfully" time="11.283" classname="com.nopcommerce.demo.testsuite.ComputerTest">
    <failure type="org.openqa.selenium.ElementNotInteractableException" message="element not interactable
  (Session info: chrome=91.0.4472.106)
Build info: version: &amp;apos;3.141.59&amp;apos;, revision: &amp;apos;e82be7d358&amp;apos;, time: &amp;apos;2018-11-14T08:17:03&amp;apos;
System info: host: &amp;apos;LAPTOP-8LBRLJ88&amp;apos;, ip: &amp;apos;192.168.0.50&amp;apos;, os.name: &amp;apos;Windows 10&amp;apos;, os.arch: &amp;apos;amd64&amp;apos;, os.version: &amp;apos;10.0&amp;apos;, java.version: &amp;apos;1.8.0_121&amp;apos;
Driver info: org.openqa.selenium.chrome.ChromeDriver
Capabilities {acceptInsecureCerts: false, browserName: chrome, browserVersion: 91.0.4472.106, chrome: {chromedriverVersion: 90.0.4430.24 (4c6d850f087da..., userDataDir: C:\Users\conta\AppData\Loca...}, goog:chromeOptions: {debuggerAddress: localhost:63809}, javascriptEnabled: true, networkConnectionEnabled: false, pageLoadStrategy: normal, platform: WINDOWS, platformName: WINDOWS, proxy: Proxy(), setWindowRect: true, strictFileInteractability: false, timeouts: {implicit: 0, pageLoad: 300000, script: 30000}, unhandledPromptBehavior: dismiss and notify, webauthn:extension:largeBlob: true, webauthn:virtualAuthenticators: true}
Session ID: adbaa3df28130a477745ddb11571189b">
      <![CDATA[org.openqa.selenium.ElementNotInteractableException: element not interactable
  (Session info: chrome=91.0.4472.106)
Build info: version: '3.141.59', revision: 'e82be7d358', time: '2018-11-14T08:17:03'
System info: host: 'LAPTOP-8LBRLJ88', ip: '192.168.0.50', os.name: 'Windows 10', os.arch: 'amd64', os.version: '10.0', java.version: '1.8.0_121'
Driver info: org.openqa.selenium.chrome.ChromeDriver
Capabilities {acceptInsecureCerts: false, browserName: chrome, browserVersion: 91.0.4472.106, chrome: {chromedriverVersion: 90.0.4430.24 (4c6d850f087da..., userDataDir: C:\Users\conta\AppData\Loca...}, goog:chromeOptions: {debuggerAddress: localhost:63809}, javascriptEnabled: true, networkConnectionEnabled: false, pageLoadStrategy: normal, platform: WINDOWS, platformName: WINDOWS, proxy: Proxy(), setWindowRect: true, strictFileInteractability: false, timeouts: {implicit: 0, pageLoad: 300000, script: 30000}, unhandledPromptBehavior: dismiss and notify, webauthn:extension:largeBlob: true, webauthn:virtualAuthenticators: true}
Session ID: adbaa3df28130a477745ddb11571189b
at org.openqa.selenium.remote.http.W3CHttpResponseCodec.createException(W3CHttpResponseCodec.java:187)
at org.openqa.selenium.remote.http.W3CHttpResponseCodec.decode(W3CHttpResponseCodec.java:122)
at org.openqa.selenium.remote.http.W3CHttpResponseCodec.decode(W3CHttpResponseCodec.java:49)
at org.openqa.selenium.remote.HttpCommandExecutor.execute(HttpCommandExecutor.java:158)
at org.openqa.selenium.remote.service.DriverCommandExecutor.execute(DriverCommandExecutor.java:83)
at org.openqa.selenium.remote.RemoteWebDriver.execute(RemoteWebDriver.java:552)
at org.openqa.selenium.remote.RemoteWebElement.execute(RemoteWebElement.java:285)
at org.openqa.selenium.remote.RemoteWebElement.click(RemoteWebElement.java:84)
at org.openqa.selenium.support.pagefactory.internal.LocatingElementHandler.invoke(LocatingElementHandler.java:51)
at com.sun.proxy.$Proxy8.click(Unknown Source)
at com.nopcommerce.demo.utility.Utility.clickOnElement(Utility.java:44)
at com.nopcommerce.demo.pages.HomePage.clickOnSoftwareFromComputerDropDown(HomePage.java:69)
at com.nopcommerce.demo.testsuite.ComputerTest.verifyUserAbleToNavigateToComputersSubMenuProductSoftwarePageSuccessfully(ComputerTest.java:64)
at com.intellij.rt.testng.IDEARemoteTestNG.run(IDEARemoteTestNG.java:66)
at com.intellij.rt.testng.RemoteTestNGStarter.main(RemoteTestNGStarter.java:109)
... Removed 30 stack frames]]>
    </failure>
  </testcase> <!-- verifyUserAbleToNavigateToComputersSubMenuProductSoftwarePageSuccessfully -->
  <testcase name="verifyUserNavigateToLoginPageSuccessfully" time="1.126" classname="com.nopcommerce.demo.testsuite.LoginTest"/>
  <testcase name="verifyUserShouldLoginSuccessfullyWithValidCredentials" time="4.805" classname="com.nopcommerce.demo.testsuite.LoginTest"/>
  <testcase name="verifyUserShouldNotLoginSuccessfullyWithInvalidCredentials" time="6.489" classname="com.nopcommerce.demo.testsuite.LoginTest">
    <failure type="java.lang.AssertionError" message="The following asserts failed:
	expected [Login was unsuccessful. Please correct the errors and try again.
No customer account found] but found [Login was unsuccessful. Please correct the errors and try again.]">
      <![CDATA[java.lang.AssertionError: The following asserts failed:
expected [Login was unsuccessful. Please correct the errors and try again.
No customer account found] but found [Login was unsuccessful. Please correct the errors and try again.]
at com.nopcommerce.demo.testsuite.LoginTest.verifyUserShouldNotLoginSuccessfullyWithInvalidCredentials(LoginTest.java:79)
at com.intellij.rt.testng.IDEARemoteTestNG.run(IDEARemoteTestNG.java:66)
at com.intellij.rt.testng.RemoteTestNGStarter.main(RemoteTestNGStarter.java:109)
... Removed 23 stack frames]]>
    </failure>
  </testcase> <!-- verifyUserShouldNotLoginSuccessfullyWithInvalidCredentials -->
  <testcase name="verifyUserShouldAbleToRegisterWithValidInputInAllMandatoryFields" time="17.804" classname="com.nopcommerce.demo.testsuite.RegistrationTest"/>
  <testcase name="verifyUserShouldNotAbleToRegisterLeavingMandatoryFieldEmpty" time="7.242" classname="com.nopcommerce.demo.testsuite.RegistrationTest"/>
</testsuite> <!-- Regression Test -->
